<?xml version="1.0" encoding="UTF-8"?>
<!-- Generated by org.testng.reporters.JUnitXMLReporter -->
<testsuite ignored="0" hostname="DESKTOP-8VB9DH2" failures="3" tests="5" name="BankingApp Test" time="38.102" errors="0" timestamp="03 Nov 2020 01:43:14 GMT">
  <testcase classname="com.fdmgroup.testCases.TC_LoginDDT_002" name="loginDDT" time="7.991"/>
  <testcase classname="com.fdmgroup.testCases.TC_LoginDDT_002" name="loginDDT" time="4.09">
    <failure type="java.lang.AssertionError" message="expected [true] but found [false]">
      <![CDATA[java.lang.AssertionError: expected [true] but found [false]
at com.fdmgroup.testCases.TC_LoginDDT_002.loginDDT(TC_LoginDDT_002.java:31)
... Removed 29 stack frames]]>
    </failure>
  </testcase> <!-- loginDDT -->
  <testcase classname="com.fdmgroup.testCases.TC_LoginDDT_002" name="loginDDT" time="4.17">
    <failure type="java.lang.AssertionError" message="expected [true] but found [false]">
      <![CDATA[java.lang.AssertionError: expected [true] but found [false]
at com.fdmgroup.testCases.TC_LoginDDT_002.loginDDT(TC_LoginDDT_002.java:31)
... Removed 29 stack frames]]>
    </failure>
  </testcase> <!-- loginDDT -->
  <testcase classname="com.fdmgroup.testCases.TC_LoginDDT_002" name="loginDDT" time="4.034">
    <failure type="java.lang.AssertionError" message="expected [true] but found [false]">
      <![CDATA[java.lang.AssertionError: expected [true] but found [false]
at com.fdmgroup.testCases.TC_LoginDDT_002.loginDDT(TC_LoginDDT_002.java:31)
... Removed 29 stack frames]]>
    </failure>
  </testcase> <!-- loginDDT -->
  <testcase classname="com.fdmgroup.testCases.TC_LoginDDT_002" name="loginDDT" time="7.685"/>
</testsuite> <!-- BankingApp Test -->
