<?xml version="1.0" encoding="UTF-8"?>
<testng-results ignored="0" total="1" passed="1" failed="0" skipped="0">
  <reporter-output>
  </reporter-output>
  <suite started-at="2020-11-04T01:25:30Z" name="NetBankingFramework" finished-at="2020-11-04T01:25:50Z" duration-ms="20024">
    <groups>
    </groups>
    <test started-at="2020-11-04T01:25:30Z" name="BankingApp Test" finished-at="2020-11-04T01:25:50Z" duration-ms="20024">
      <class name="com.fdmgroup.testCases.TC_AddCustomerTest_003">
        <test-method is-config="true" signature="setup(java.lang.String)[pri:0, instance:com.fdmgroup.testCases.TC_AddCustomerTest_003@fd07cbb]" started-at="2020-11-04T01:25:30Z" name="setup" finished-at="2020-11-04T01:25:36Z" duration-ms="6256" status="PASS">
          <params>
            <param index="0">
              <value>
                <![CDATA[chrome]]>
              </value>
            </param>
          </params>
          <reporter-output>
          </reporter-output>
        </test-method> <!-- setup -->
        <test-method signature="addNewCustomer()[pri:0, instance:com.fdmgroup.testCases.TC_AddCustomerTest_003@fd07cbb]" started-at="2020-11-04T01:25:36Z" name="addNewCustomer" finished-at="2020-11-04T01:25:49Z" duration-ms="13003" status="PASS">
          <reporter-output>
          </reporter-output>
        </test-method> <!-- addNewCustomer -->
        <test-method is-config="true" signature="tearDown()[pri:0, instance:com.fdmgroup.testCases.TC_AddCustomerTest_003@fd07cbb]" started-at="2020-11-04T01:25:49Z" name="tearDown" finished-at="2020-11-04T01:25:50Z" duration-ms="622" status="PASS">
          <reporter-output>
          </reporter-output>
        </test-method> <!-- tearDown -->
      </class> <!-- com.fdmgroup.testCases.TC_AddCustomerTest_003 -->
    </test> <!-- BankingApp Test -->
  </suite> <!-- NetBankingFramework -->
</testng-results>
